This is pdfTeX, Version 3.14159265-2.6-1.40.20 (TeX Live 2019/Debian) (preloaded format=latex 2020.10.30)  25 APR 2022 05:43
entering extended mode
 restricted \write18 enabled.
 %&-line parsing enabled.
**maphoon.tex
(./maphoon.tex
LaTeX2e <2020-02-02> patch level 2
L3 programming layer <2020-02-14>
(/usr/share/texlive/texmf-dist/tex/latex/base/article.cls
Document Class: article 2019/12/20 v1.4l Standard LaTeX document class
(/usr/share/texlive/texmf-dist/tex/latex/base/size10.clo
File: size10.clo 2019/12/20 v1.4l Standard LaTeX file (size option)
)
\c@part=\count167
\c@section=\count168
\c@subsection=\count169
\c@subsubsection=\count170
\c@paragraph=\count171
\c@subparagraph=\count172
\c@figure=\count173
\c@table=\count174
\abovecaptionskip=\skip47
\belowcaptionskip=\skip48
\bibindent=\dimen134
)
(/usr/share/texlive/texmf-dist/tex/latex/l3backend/l3backend-dvips.def
File: l3backend-dvips.def 2020-02-03 L3 backend support: dvips
\l__pdf_internal_box=\box45
\g__pdf_backend_object_int=\count175
\l__pdf_backend_content_box=\box46
\l__pdf_backend_model_box=\box47
\g__pdf_backend_annotation_int=\count176
\g__pdf_backend_link_int=\count177
\g__pdf_backend_link_sf_int=\count178
)
(./maphoon.aux)
\openout1 = `maphoon.aux'.

LaTeX Font Info:    Checking defaults for OML/cmm/m/it on input line 6.
LaTeX Font Info:    ... okay on input line 6.
LaTeX Font Info:    Checking defaults for OMS/cmsy/m/n on input line 6.
LaTeX Font Info:    ... okay on input line 6.
LaTeX Font Info:    Checking defaults for OT1/cmr/m/n on input line 6.
LaTeX Font Info:    ... okay on input line 6.
LaTeX Font Info:    Checking defaults for T1/cmr/m/n on input line 6.
LaTeX Font Info:    ... okay on input line 6.
LaTeX Font Info:    Checking defaults for TS1/cmr/m/n on input line 6.
LaTeX Font Info:    ... okay on input line 6.
LaTeX Font Info:    Checking defaults for OMX/cmex/m/n on input line 6.
LaTeX Font Info:    ... okay on input line 6.
LaTeX Font Info:    Checking defaults for U/cmr/m/n on input line 6.
LaTeX Font Info:    ... okay on input line 6.
LaTeX Font Info:    External font `cmex10' loaded for size
(Font)              <12> on input line 8.
LaTeX Font Info:    External font `cmex10' loaded for size
(Font)              <8> on input line 8.
LaTeX Font Info:    External font `cmex10' loaded for size
(Font)              <6> on input line 8.
LaTeX Font Info:    External font `cmex10' loaded for size
(Font)              <9> on input line 13.
LaTeX Font Info:    External font `cmex10' loaded for size
(Font)              <5> on input line 13.
 [1

]
LaTeX Font Info:    External font `cmex10' loaded for size
(Font)              <7> on input line 61.
 [2] [3]
Overfull \hbox (11.99689pt too wide) in paragraph at lines 212--212
[]   \OT1/cmtt/m/n/10 A => b ;  // Error, don't know which integer to use as at
tribute.[] 
 []


Overfull \hbox (11.55455pt too wide) in paragraph at lines 237--252
\OT1/cmr/m/n/10 have a [][]\OT1/cmtt/m/n/10 merge []\OT1/cmr/m/n/10 method, who
se sig-na-ture must be [][]\OT1/cmtt/m/n/10 void merge( sourceinfo )[]\OT1/cmr/
m/n/10 ,
 []

[4]
Overfull \hbox (10.98993pt too wide) in paragraph at lines 266--275
\OT1/cmr/m/n/10 name of the source in-for-ma-tion class. In ad-di-tion, [][]\OT
1/cmtt/m/n/10 std::optional< sourceinfo >
 []

[5]
Overfull \hbox (6.74693pt too wide) in paragraph at lines 349--349
[]   \OT1/cmtt/m/n/10 %parameter { tokenizer } tok   // & will be added automat
ically.[] 
 []

[6] [7]
Overfull \hbox (1.49698pt too wide) in paragraph at lines 487--487
[]\OT1/cmtt/m/n/10 symbol( symboltype, const std::optional< infotype > &, const
 A& );[] 
 []

[8]
Overfull \hbox (43.49661pt too wide) in paragraph at lines 540--548
[][]\OT1/cmtt/m/n/10 void print_range( Iter i0, Iter i1, char c0, char c1, std:
:ostream& out );
 []


Overfull \hbox (17.24684pt too wide) in paragraph at lines 554--554
[]   \OT1/cmtt/m/n/10 void print_attr( const std::set< char > & set, std::ostre
am& out )[] 
 []

[9]
Overfull \hbox (11.99689pt too wide) in paragraph at lines 597--597
[]\OT1/cmtt/m/n/10 Formula  => Formula2 IMP Formula | Formula2 ;  // richt asso
ciative.[] 
 []


Overfull \hbox (6.74693pt too wide) in paragraph at lines 597--597
[]\OT1/cmtt/m/n/10 Formula2 => Formula2 OR Formula3 | Formula3 ;  // left assoc
iative.[] 
 []

[10] [11] [12] [13]
LaTeX Font Info:    External font `cmex10' loaded for size
(Font)              <14.4> on input line 887.

Overfull \hbox (4.2406pt too wide) in paragraph at lines 911--917
\OT1/cmr/m/n/10 files where the at-tribute types are de-fined, are in-cluded. U
se [][]\OT1/cmtt/m/n/10 symbolcode_h[]\OT1/cmr/m/n/10 . 
 []

[14]
Overfull \hbox (12.90546pt too wide) in paragraph at lines 929--935
\OT1/cmr/m/n/10 If ev-ery-thing goes well, Maphoon cre-ates a parser in files \
OT1/cmr/bx/n/10 parser.h \OT1/cmr/m/n/10 and \OT1/cmr/bx/n/10 parser.cpp\OT1/cm
r/m/n/10 .
 []


Overfull \hbox (12.94394pt too wide) in paragraph at lines 929--935
\OT1/cmr/m/n/10 The parser is de-fined in a class [][]\OT1/cmtt/m/n/10 parser [
]\OT1/cmr/m/n/10 in the names-pace spec-i-fied by [][]\OT1/cmtt/m/n/10 %parsers
pace[]\OT1/cmr/m/n/10 .
 []


Overfull \hbox (27.90715pt too wide) in paragraph at lines 947--954
\OT1/cmr/m/n/10 pa-ram-e-ters are ac-ces-si-ble. The looka-head can be ac-cesse
d by call-ing [][]\OT1/cmtt/m/n/10 getlookahead( )[]\OT1/cmr/m/n/10 .
 []


Overfull \hbox (9.6377pt too wide) in paragraph at lines 955--961
[]\OT1/cmr/m/n/10 The parser is started by call-ing method [][]\OT1/cmtt/m/n/10
 symbol parse( symboltype start )[]\OT1/cmr/m/n/10 .
 []


Overfull \hbox (4.97154pt too wide) in paragraph at lines 971--976
[]\OT1/cmr/m/n/10 The parse was suc-ces-ful, and ended by as-sign-ing [][]\OT1/
cmtt/m/n/10 timetosaygoodbye=true;[]\OT1/cmr/m/n/10 .
 []

[15]
Overfull \hbox (0.27553pt too wide) in paragraph at lines 1013--1027
\OT1/cmr/m/n/10 rule of form [][]\OT1/cmtt/m/n/10 Command => Expr:e SEMICOLON {
 Process e } []\OT1/cmr/m/n/10 and [][]\OT1/cmtt/m/n/10 %nodefaults
 []

[16] [17]
Overfull \hbox (0.24724pt too wide) in paragraph at lines 1152--1152
 []\OT1/cmtt/m/n/10 %symbolcode_h{    }  // Goes into symbol.h without namespac
e.[] 
 []


Overfull \hbox (10.74715pt too wide) in paragraph at lines 1152--1152
 []                     \OT1/cmtt/m/n/10 // Intended for including attribute ty
pes.[] 
 []


Overfull \hbox (36.99692pt too wide) in paragraph at lines 1152--1152
 []                     \OT1/cmtt/m/n/10 // symbol.cpp. Intended for defining p
rint_attr[] 
 []


Overfull \hbox (0.24724pt too wide) in paragraph at lines 1152--1152
 []\OT1/cmtt/m/n/10 %parsercode_h{    }  // Goes into parser.h without namespac
e.[] 
 []

[18] (./maphoon.bbl
Underfull \hbox (badness 10000) in paragraph at lines 9--12
[]\OT1/cmr/m/n/10 Akim De-maille and Paul Eg-gert.  Yacc sys-tem.
 []

) [19] (./maphoon.aux)

LaTeX Warning: Label(s) may have changed. Rerun to get cross-references right.

 ) 
Here is how much of TeX's memory you used:
 429 strings out of 481240
 7023 string characters out of 5920402
 242560 words of memory out of 5000000
 15759 multiletter control sequences out of 15000+600000
 538970 words of font info for 46 fonts, out of 8000000 for 9000
 1141 hyphenation exceptions out of 8191
 25i,6n,19p,168b,253s stack positions out of 5000i,500n,10000p,200000b,80000s

Output written on maphoon.dvi (19 pages, 58956 bytes).
